\BOOKMARK [0][-]{chapter.1}{Introduction}{}% 1
\BOOKMARK [1][-]{section.1.1}{Present Context}{chapter.1}% 2
\BOOKMARK [1][-]{section.1.2}{Modeling Sound Localisation}{chapter.1}% 3
\BOOKMARK [2][-]{subsection.1.2.1}{Source Positions:}{section.1.2}% 4
\BOOKMARK [2][-]{subsection.1.2.2}{Subjects:}{section.1.2}% 5
\BOOKMARK [2][-]{subsection.1.2.3}{•}{section.1.2}% 6
\BOOKMARK [1][-]{section.1.3}{The Problem}{chapter.1}% 7
\BOOKMARK [1][-]{section.1.4}{Proposed Solution}{chapter.1}% 8
\BOOKMARK [0][-]{chapter.2}{Literature Review}{}% 9
\BOOKMARK [1][-]{section.2.1}{Methods}{chapter.2}% 10
\BOOKMARK [2][-]{subsection.2.1.1}{Database Matching}{section.2.1}% 11
\BOOKMARK [2][-]{subsection.2.1.2}{Clustering}{section.2.1}% 12
\BOOKMARK [2][-]{subsection.2.1.3}{Frequency Scaling}{section.2.1}% 13
\BOOKMARK [2][-]{subsection.2.1.4}{Structural Models}{section.2.1}% 14
\BOOKMARK [2][-]{subsection.2.1.5}{Principal Components Analysis}{section.2.1}% 15
\BOOKMARK [1][-]{section.2.2}{Search Methods}{chapter.2}% 16
\BOOKMARK [2][-]{subsection.2.2.1}{Hill-Climbing Search}{section.2.2}% 17
\BOOKMARK [2][-]{subsection.2.2.2}{Genetic Algorithms}{section.2.2}% 18
\BOOKMARK [2][-]{subsection.2.2.3}{Simulated Annealing}{section.2.2}% 19
\BOOKMARK [0][-]{chapter.3}{Methodology}{}% 20
\BOOKMARK [1][-]{section.3.1}{Process Notes[what title??]}{chapter.3}% 21
\BOOKMARK [1][-]{section.3.2}{Implementation}{chapter.3}% 22
\BOOKMARK [2][-]{subsection.3.2.1}{Technologies}{section.3.2}% 23
\BOOKMARK [2][-]{subsection.3.2.2}{Process}{section.3.2}% 24
\BOOKMARK [2][-]{subsection.3.2.3}{Testing}{section.3.2}% 25
\BOOKMARK [0][-]{chapter.4}{Analysis}{}% 26
\BOOKMARK [1][-]{section.4.1}{Localisation Error Over Time}{chapter.4}% 27
\BOOKMARK [1][-]{section.4.2}{Relationships Between PCs and Localisation Errors}{chapter.4}% 28
\BOOKMARK [1][-]{section.4.3}{•}{chapter.4}% 29
\BOOKMARK [0][-]{chapter.5}{Discussion}{}% 30
\BOOKMARK [0][-]{chapter.6}{Appendix}{}% 31
