This is pdfTeX, Version 3.14159265-2.6-1.40.16 (TeX Live 2015/Debian) (preloaded format=pdflatex 2017.4.11)  22 AUG 2017 16:24
entering extended mode
 restricted \write18 enabled.
 %&-line parsing enabled.
**thesis-base.tex
(./thesis-base.tex
LaTeX2e <2016/02/01>
Babel <3.9q> and hyphenation patterns for 5 language(s) loaded.
(/usr/share/texlive/texmf-dist/tex/latex/base/report.cls
Document Class: report 2014/09/29 v1.4h Standard LaTeX document class
(/usr/share/texlive/texmf-dist/tex/latex/base/size12.clo
File: size12.clo 2014/09/29 v1.4h Standard LaTeX file (size option)
)
\c@part=\count79
\c@chapter=\count80
\c@section=\count81
\c@subsection=\count82
\c@subsubsection=\count83
\c@paragraph=\count84
\c@subparagraph=\count85
\c@figure=\count86
\c@table=\count87
\abovecaptionskip=\skip41
\belowcaptionskip=\skip42
\bibindent=\dimen102
)
(/usr/share/texlive/texmf-dist/tex/latex/geometry/geometry.sty
Package: geometry 2010/09/12 v5.6 Page Geometry

(/usr/share/texlive/texmf-dist/tex/latex/graphics/keyval.sty
Package: keyval 2014/10/28 v1.15 key=value parser (DPC)
\KV@toks@=\toks14
)
(/usr/share/texlive/texmf-dist/tex/generic/oberdiek/ifpdf.sty
Package: ifpdf 2011/01/30 v2.3 Provides the ifpdf switch (HO)
Package ifpdf Info: pdfTeX in PDF mode is detected.
)
(/usr/share/texlive/texmf-dist/tex/generic/oberdiek/ifvtex.sty
Package: ifvtex 2010/03/01 v1.5 Detect VTeX and its facilities (HO)
Package ifvtex Info: VTeX not detected.
)
(/usr/share/texlive/texmf-dist/tex/generic/ifxetex/ifxetex.sty
Package: ifxetex 2010/09/12 v0.6 Provides ifxetex conditional
)
\Gm@cnth=\count88
\Gm@cntv=\count89
\c@Gm@tempcnt=\count90
\Gm@bindingoffset=\dimen103
\Gm@wd@mp=\dimen104
\Gm@odd@mp=\dimen105
\Gm@even@mp=\dimen106
\Gm@layoutwidth=\dimen107
\Gm@layoutheight=\dimen108
\Gm@layouthoffset=\dimen109
\Gm@layoutvoffset=\dimen110
\Gm@dimlist=\toks15
)
(/usr/share/texlive/texmf-dist/tex/latex/graphics/graphicx.sty
Package: graphicx 2014/10/28 v1.0g Enhanced LaTeX Graphics (DPC,SPQR)

(/usr/share/texlive/texmf-dist/tex/latex/graphics/graphics.sty
Package: graphics 2016/01/03 v1.0q Standard LaTeX Graphics (DPC,SPQR)

(/usr/share/texlive/texmf-dist/tex/latex/graphics/trig.sty
Package: trig 2016/01/03 v1.10 sin cos tan (DPC)
)
(/usr/share/texlive/texmf-dist/tex/latex/latexconfig/graphics.cfg
File: graphics.cfg 2010/04/23 v1.9 graphics configuration of TeX Live
)
Package graphics Info: Driver file: pdftex.def on input line 95.

(/usr/share/texlive/texmf-dist/tex/latex/pdftex-def/pdftex.def
File: pdftex.def 2011/05/27 v0.06d Graphics/color for pdfTeX

(/usr/share/texlive/texmf-dist/tex/generic/oberdiek/infwarerr.sty
Package: infwarerr 2010/04/08 v1.3 Providing info/warning/error messages (HO)
)
(/usr/share/texlive/texmf-dist/tex/generic/oberdiek/ltxcmds.sty
Package: ltxcmds 2011/11/09 v1.22 LaTeX kernel commands for general use (HO)
)
\Gread@gobject=\count91
))
\Gin@req@height=\dimen111
\Gin@req@width=\dimen112
)
(/usr/share/texlive/texmf-dist/tex/latex/natbib/natbib.sty
Package: natbib 2010/09/13 8.31b (PWD, AO)
\bibhang=\skip43
\bibsep=\skip44
LaTeX Info: Redefining \cite on input line 694.
\c@NAT@ctr=\count92
)
(/usr/share/texlive/texmf-dist/tex/latex/url/url.sty
\Urlmuskip=\muskip10
Package: url 2013/09/16  ver 3.4  Verb mode for urls, etc.
)
(/usr/share/texlive/texmf-dist/tex/latex/breakurl/breakurl.sty
Package: breakurl 2013/04/10 v1.40 Breakable hyperref URLs

(/usr/share/texlive/texmf-dist/tex/latex/xkeyval/xkeyval.sty
Package: xkeyval 2014/12/03 v2.7a package option processing (HA)

(/usr/share/texlive/texmf-dist/tex/generic/xkeyval/xkeyval.tex
(/usr/share/texlive/texmf-dist/tex/generic/xkeyval/xkvutils.tex
\XKV@toks=\toks16
\XKV@tempa@toks=\toks17
)
\XKV@depth=\count93
File: xkeyval.tex 2014/12/03 v2.7a key=value parser (HA)
))

Package breakurl Warning: You are using breakurl while processing via pdflatex.

(breakurl)                \burl will be just a synonym of \url.
(breakurl)                 on input line 48.

) (/usr/share/texlive/texmf-dist/tex/latex/hyperref/hyperref.sty
Package: hyperref 2012/11/06 v6.83m Hypertext links for LaTeX

(/usr/share/texlive/texmf-dist/tex/generic/oberdiek/hobsub-hyperref.sty
Package: hobsub-hyperref 2012/05/28 v1.13 Bundle oberdiek, subset hyperref (HO)


(/usr/share/texlive/texmf-dist/tex/generic/oberdiek/hobsub-generic.sty
Package: hobsub-generic 2012/05/28 v1.13 Bundle oberdiek, subset generic (HO)
Package: hobsub 2012/05/28 v1.13 Construct package bundles (HO)
Package hobsub Info: Skipping package `infwarerr' (already loaded).
Package hobsub Info: Skipping package `ltxcmds' (already loaded).
Package: ifluatex 2010/03/01 v1.3 Provides the ifluatex switch (HO)
Package ifluatex Info: LuaTeX not detected.
Package hobsub Info: Skipping package `ifvtex' (already loaded).
Package: intcalc 2007/09/27 v1.1 Expandable calculations with integers (HO)
Package hobsub Info: Skipping package `ifpdf' (already loaded).
Package: etexcmds 2011/02/16 v1.5 Avoid name clashes with e-TeX commands (HO)
Package etexcmds Info: Could not find \expanded.
(etexcmds)             That can mean that you are not using pdfTeX 1.50 or
(etexcmds)             that some package has redefined \expanded.
(etexcmds)             In the latter case, load this package earlier.
Package: kvsetkeys 2012/04/25 v1.16 Key value parser (HO)
Package: kvdefinekeys 2011/04/07 v1.3 Define keys (HO)
Package: pdftexcmds 2011/11/29 v0.20 Utility functions of pdfTeX for LuaTeX (HO
)
Package pdftexcmds Info: LuaTeX not detected.
Package pdftexcmds Info: \pdf@primitive is available.
Package pdftexcmds Info: \pdf@ifprimitive is available.
Package pdftexcmds Info: \pdfdraftmode found.
Package: pdfescape 2011/11/25 v1.13 Implements pdfTeX's escape features (HO)
Package: bigintcalc 2012/04/08 v1.3 Expandable calculations on big integers (HO
)
Package: bitset 2011/01/30 v1.1 Handle bit-vector datatype (HO)
Package: uniquecounter 2011/01/30 v1.2 Provide unlimited unique counter (HO)
)
Package hobsub Info: Skipping package `hobsub' (already loaded).
Package: letltxmacro 2010/09/02 v1.4 Let assignment for LaTeX macros (HO)
Package: hopatch 2012/05/28 v1.2 Wrapper for package hooks (HO)
Package: xcolor-patch 2011/01/30 xcolor patch
Package: atveryend 2011/06/30 v1.8 Hooks at the very end of document (HO)
Package atveryend Info: \enddocument detected (standard20110627).
Package: atbegshi 2011/10/05 v1.16 At begin shipout hook (HO)
Package: refcount 2011/10/16 v3.4 Data extraction from label references (HO)
Package: hycolor 2011/01/30 v1.7 Color options for hyperref/bookmark (HO)
)
(/usr/share/texlive/texmf-dist/tex/latex/oberdiek/auxhook.sty
Package: auxhook 2011/03/04 v1.3 Hooks for auxiliary files (HO)
)
(/usr/share/texlive/texmf-dist/tex/latex/oberdiek/kvoptions.sty
Package: kvoptions 2011/06/30 v3.11 Key value format for package options (HO)
)
\@linkdim=\dimen113
\Hy@linkcounter=\count94
\Hy@pagecounter=\count95

(/usr/share/texlive/texmf-dist/tex/latex/hyperref/pd1enc.def
File: pd1enc.def 2012/11/06 v6.83m Hyperref: PDFDocEncoding definition (HO)
)
\Hy@SavedSpaceFactor=\count96

(/usr/share/texlive/texmf-dist/tex/latex/latexconfig/hyperref.cfg
File: hyperref.cfg 2002/06/06 v1.2 hyperref configuration of TeXLive
)
Package hyperref Info: Option `breaklinks' set `true' on input line 4319.
Package hyperref Info: Hyper figures OFF on input line 4443.
Package hyperref Info: Link nesting OFF on input line 4448.
Package hyperref Info: Hyper index ON on input line 4451.
Package hyperref Info: Plain pages OFF on input line 4458.
Package hyperref Info: Backreferencing OFF on input line 4463.
Package hyperref Info: Implicit mode ON; LaTeX internals redefined.
Package hyperref Info: Bookmarks ON on input line 4688.
\c@Hy@tempcnt=\count97
LaTeX Info: Redefining \url on input line 5041.
\XeTeXLinkMargin=\dimen114
\Fld@menulength=\count98
\Field@Width=\dimen115
\Fld@charsize=\dimen116
Package hyperref Info: Hyper figures OFF on input line 6295.
Package hyperref Info: Link nesting OFF on input line 6300.
Package hyperref Info: Hyper index ON on input line 6303.
Package hyperref Info: backreferencing OFF on input line 6310.
Package hyperref Info: Link coloring OFF on input line 6315.
Package hyperref Info: Link coloring with OCG OFF on input line 6320.
Package hyperref Info: PDF/A mode OFF on input line 6325.
LaTeX Info: Redefining \ref on input line 6365.
LaTeX Info: Redefining \pageref on input line 6369.
\Hy@abspage=\count99
\c@Item=\count100
\c@Hfootnote=\count101
)

Package hyperref Message: Driver (autodetected): hpdftex.

(/usr/share/texlive/texmf-dist/tex/latex/hyperref/hpdftex.def
File: hpdftex.def 2012/11/06 v6.83m Hyperref driver for pdfTeX
\Fld@listcount=\count102
\c@bookmark@seq@number=\count103

(/usr/share/texlive/texmf-dist/tex/latex/oberdiek/rerunfilecheck.sty
Package: rerunfilecheck 2011/04/15 v1.7 Rerun checks for auxiliary files (HO)
Package uniquecounter Info: New unique counter `rerunfilecheck' on input line 2
82.
)
\Hy@SectionHShift=\skip45
)
(./thesis-base.aux)
\openout1 = `thesis-base.aux'.

LaTeX Font Info:    Checking defaults for OML/cmm/m/it on input line 24.
LaTeX Font Info:    ... okay on input line 24.
LaTeX Font Info:    Checking defaults for T1/cmr/m/n on input line 24.
LaTeX Font Info:    ... okay on input line 24.
LaTeX Font Info:    Checking defaults for OT1/cmr/m/n on input line 24.
LaTeX Font Info:    ... okay on input line 24.
LaTeX Font Info:    Checking defaults for OMS/cmsy/m/n on input line 24.
LaTeX Font Info:    ... okay on input line 24.
LaTeX Font Info:    Checking defaults for OMX/cmex/m/n on input line 24.
LaTeX Font Info:    ... okay on input line 24.
LaTeX Font Info:    Checking defaults for U/cmr/m/n on input line 24.
LaTeX Font Info:    ... okay on input line 24.
LaTeX Font Info:    Checking defaults for PD1/pdf/m/n on input line 24.
LaTeX Font Info:    ... okay on input line 24.

*geometry* driver: auto-detecting
*geometry* detected driver: pdftex
*geometry* verbose mode - [ preamble ] result:
* pass: disregarded the geometry package!
* \paperwidth=614.295pt
* \paperheight=794.96999pt
* \textwidth=390.0pt
* \textheight=548.5pt
* \oddsidemargin=39.0pt
* \evensidemargin=40.0pt
* \topmargin=17.0pt
* \headheight=12.0pt
* \headsep=25.0pt
* \topskip=12.0pt
* \footskip=30.0pt
* \marginparwidth=44.0pt
* \marginparsep=10.0pt
* \columnsep=10.0pt
* \skip\footins=10.8pt plus 4.0pt minus 2.0pt
* \hoffset=0.0pt
* \voffset=0.0pt
* \mag=1000
* \@twocolumnfalse
* \@twosidefalse
* \@mparswitchfalse
* \@reversemarginfalse
* (1in=72.27pt=25.4mm, 1cm=28.453pt)

(/usr/share/texlive/texmf-dist/tex/context/base/supp-pdf.mkii
[Loading MPS to PDF converter (version 2006.09.02).]
\scratchcounter=\count104
\scratchdimen=\dimen117
\scratchbox=\box26
\nofMPsegments=\count105
\nofMParguments=\count106
\everyMPshowfont=\toks18
\MPscratchCnt=\count107
\MPscratchDim=\dimen118
\MPnumerator=\count108
\makeMPintoPDFobject=\count109
\everyMPtoPDFconversion=\toks19
) (/usr/share/texlive/texmf-dist/tex/latex/oberdiek/epstopdf-base.sty
Package: epstopdf-base 2010/02/09 v2.5 Base part for package epstopdf

(/usr/share/texlive/texmf-dist/tex/latex/oberdiek/grfext.sty
Package: grfext 2010/08/19 v1.1 Manage graphics extensions (HO)
)
Package grfext Info: Graphics extension search list:
(grfext)             [.png,.pdf,.jpg,.mps,.jpeg,.jbig2,.jb2,.PNG,.PDF,.JPG,.JPE
G,.JBIG2,.JB2,.eps]
(grfext)             \AppendGraphicsExtensions on input line 452.

(/usr/share/texlive/texmf-dist/tex/latex/latexconfig/epstopdf-sys.cfg
File: epstopdf-sys.cfg 2010/07/13 v1.3 Configuration of (r)epstopdf for TeX Liv
e
))
\AtBeginShipoutBox=\box27
Package hyperref Info: Link coloring OFF on input line 24.

(/usr/share/texlive/texmf-dist/tex/latex/hyperref/nameref.sty
Package: nameref 2012/10/27 v2.43 Cross-referencing by name of section

(/usr/share/texlive/texmf-dist/tex/generic/oberdiek/gettitlestring.sty
Package: gettitlestring 2010/12/03 v1.4 Cleanup title references (HO)
)
\c@section@level=\count110
)
LaTeX Info: Redefining \ref on input line 24.
LaTeX Info: Redefining \pageref on input line 24.
LaTeX Info: Redefining \nameref on input line 24.

(./thesis-base.out) (./thesis-base.out)
\@outlinefile=\write3
\openout3 = `thesis-base.out'.

 (./title.tex
*geometry* verbose mode - [ newgeometry ] result:
* driver: pdftex
* paper: <default>
* layout: <same size as paper>
* layoutoffset:(h,v)=(0.0pt,0.0pt)
* modes: 
* h-part:(L,W,R)=(42.67912pt, 479.47069pt, 92.14519pt)
* v-part:(T,H,B)=(95.39737pt, 556.47656pt, 143.09605pt)
* \paperwidth=614.295pt
* \paperheight=794.96999pt
* \textwidth=479.47069pt
* \textheight=556.47656pt
* \oddsidemargin=-29.59087pt
* \evensidemargin=-29.59087pt
* \topmargin=-13.87262pt
* \headheight=12.0pt
* \headsep=25.0pt
* \topskip=12.0pt
* \footskip=30.0pt
* \marginparwidth=44.0pt
* \marginparsep=10.0pt
* \columnsep=10.0pt
* \skip\footins=10.8pt plus 4.0pt minus 2.0pt
* \hoffset=0.0pt
* \voffset=0.0pt
* \mag=1000
* \@twocolumnfalse
* \@twosidefalse
* \@mparswitchfalse
* \@reversemarginfalse
* (1in=72.27pt=25.4mm, 1cm=28.453pt)

LaTeX Font Info:    External font `cmex10' loaded for size
(Font)              <12> on input line 7.
LaTeX Font Info:    External font `cmex10' loaded for size
(Font)              <8> on input line 7.
LaTeX Font Info:    External font `cmex10' loaded for size
(Font)              <6> on input line 7.

Underfull \hbox (badness 10000) in paragraph at lines 9--9
\OT1/cmr/m/n/17.28 En-gi-neer-ing and
 []


Underfull \hbox (badness 2261) in paragraph at lines 13--14
[]\OT1/cmr/bx/n/17.28 Individualising Head-
 []


Underfull \hbox (badness 10000) in paragraph at lines 13--14
\OT1/cmr/bx/n/17.28 Related Trans-fer
 []


Underfull \hbox (badness 10000) in paragraph at lines 13--14
\OT1/cmr/bx/n/17.28 y-sis and Sim-u-lated
 []

<images/qmul_logo.jpg, id=116, 910.40125pt x 242.9075pt>
File: images/qmul_logo.jpg Graphic file (type jpg)

<use images/qmul_logo.jpg>
Package pdftex.def Info: images/qmul_logo.jpg used on input line 16.
(pdftex.def)             Requested size: 142.26378pt x 37.9579pt.

Overfull \hbox (44.49863pt too wide) in paragraph at lines 7--24
[][] 
 []

[1


]
Overfull \vbox (104.43813pt too high) has occurred while \output is active []


[2{/var/lib/texmf/fonts/map/pdftex/updmap/pdftex.map} <./images/qmul_logo.jpg>]
) (./abstract/abstract.tex)pdfTeX warning (ext4): destination with the same ide
ntifier (name{page.1}) has been already used, duplicate ignored
<to be read again> 
                   \relax 
l.30 \end{abstract}
                    [1

]pdfTeX warning (ext4): destination with the same identifier (name{page.2}) has
 been already used, duplicate ignored
<to be read again> 
                   \relax 
l.30 \end{abstract}
                    [2] (./acknowledgements/acknowledgements.tex
Overfull \hbox (4.81349pt too wide) in paragraph at lines 1--3
\OT1/cmr/m/n/12 whether di-rectly ap-plied or by proxy, helped shape the fi-nal
 out-come. Whether
 []

)pdfTeX warning (ext4): destination with the same identifier (name{page.1}) has
 been already used, duplicate ignored
<to be read again> 
                   \relax 
l.35 \end{abstract}
                    [1]pdfTeX warning (ext4): destination with the same identif
ier (name{page.2}) has been already used, duplicate ignored
<to be read again> 
                   \relax 
l.35 \end{abstract}
                    [2] (./thesis-base.tocpdfTeX warning (ext4): destination wi
th the same identifier (name{page.1}) has been already used, duplicate ignored
<to be read again> 
                   \relax 
l.18 ...\numberline {3}Methodology}{30}{chapter.3}
                                                   [1

])
\tf@toc=\write4
\openout4 = `thesis-base.toc'.

pdfTeX warning (ext4): destination with the same identifier (name{page.2}) has 
been already used, duplicate ignored
<to be read again> 
                   \relax 
l.39 \chapter
             {Introduction} [2]
 1.
(./introduction/introduction.texpdfTeX warning (ext4): destination with the sam
e identifier (name{page.1}) has been already used, duplicate ignored
<to be read again> 
                   \relax 
l.3 F
     or virtual reality to be convincing, audio must at a minimum have parit...
[1

]pdfTeX warning (ext4): destination with the same identifier (name{page.2}) has
 been already used, duplicate ignored
<to be read again> 
                   \relax 
l.8 
     [2]

Package natbib Warning: Citation `Bronkhorst1995' on page 3 undefined on input 
line 10.


Package natbib Warning: Citation `Begault2000' on page 3 undefined on input lin
e 10.


Overfull \hbox (3.60939pt too wide) in paragraph at lines 10--11
\OT1/cmr/m/n/12 time-domain coun-ter-parts Head-Related Im-pulse Re-sponses (HR
IRs). HRTFs
 []

[3] [4] [5] [6]) [7]
 2.
(./literature-review/literature-review.tex [8

] [9] [10] [11] [12] [13]

Package natbib Warning: Citation `Duraiswami2003' on page 14 undefined on input
 line 26.

[14] [15] [16]

Package natbib Warning: Citation `Hugeng2010' on page 17 undefined on input lin
e 34.


Package natbib Warning: Citation `Tashev2014' on page 17 undefined on input lin
e 34.


Package natbib Warning: Citation `Li2013' on page 17 undefined on input line 34
.


Overfull \hbox (13.42926pt too wide) in paragraph at lines 37--38
\OT1/cmr/m/n/12 Principal Com-po-nents Anal-y-sis ([]Pear-son[], []1901[]) (PCA
) is a pro-cess for analysing
 []

[17] [18]

Package natbib Warning: Citation `gutierrezparera2017' on page 19 undefined on 
input line 44.

[19] [20] [21] [22]
LaTeX Font Info:    Try loading font information for OMS+cmr on input line 59.
 (/usr/share/texlive/texmf-dist/tex/latex/base/omscmr.fd
File: omscmr.fd 2014/09/29 v2.5h Standard LaTeX font definitions
)
LaTeX Font Info:    Font shape `OMS/cmr/m/n' in size <12> not available
(Font)              Font shape `OMS/cmsy/m/n' tried instead on input line 59.


Package natbib Warning: Citation `forrest1993' on page 23 undefined on input li
ne 65.

[23]

Package natbib Warning: Citation `Whitley1994' on page 24 undefined on input li
ne 71.

[24] [25] [26] [27])
Overfull \hbox (1.69316pt too wide) in paragraph at lines 97--46
\OT1/cmr/m/n/12 Based on the lit-er-a-ture re-viewed, an in-di-vid-u-al-i-sa-ti
on pro-cess cen-tered around
 []

[28] [29]
 3.
(./methodology-and-process/method.tex [30

] [31] [32] [33]

Package natbib Warning: Citation `Whitley1994' on page 34 undefined on input li
ne 14.

[34] [35]
<images/individualiser_system_diagram.png, id=476, 694.595pt x 574.145pt>
File: images/individualiser_system_diagram.png Graphic file (type png)

<use images/individualiser_system_diagram.png>
Package pdftex.def Info: images/individualiser_system_diagram.png used on input
 line 22.
(pdftex.def)             Requested size: 347.29665pt x 287.0718pt.

Overfull \hbox (1.36678pt too wide) in paragraph at lines 27--28
\OT1/cmr/m/n/12 in-ter-fac-ing with the database was done us-ing the lmdb wrap-
per mod-ule([]David
 []


Overfull \hbox (5.71489pt too wide) in paragraph at lines 27--28
\OT1/cmr/m/n/12 Wil-son[], []2017[]). Symas' Light-ning Memory-Mapped Database 
([]Chu and Symas[],
 []

[36] [37 <./images/individualiser_system_diagram.png>] [38] [39] [40] [41]
[42]) [43]
 4.
(./analysis-and-results/analysis.tex [44

] [45]
<images/average_error_each_direction.png, id=554, 763.8939pt x 502.9992pt>
File: images/average_error_each_direction.png Graphic file (type png)

<use images/average_error_each_direction.png>
Package pdftex.def Info: images/average_error_each_direction.png used on input 
line 11.
(pdftex.def)             Requested size: 381.94601pt x 251.49898pt.
 [46] [47 <./images/average_error_each_direction.png>] [48] [49]
<images/pcw_change_directions.png, id=574, 578.16pt x 433.62pt>
File: images/pcw_change_directions.png Graphic file (type png)

<use images/pcw_change_directions.png>
Package pdftex.def Info: images/pcw_change_directions.png used on input line 31
.
(pdftex.def)             Requested size: 404.70924pt x 303.53192pt.

Overfull \hbox (14.70924pt too wide) in paragraph at lines 31--32
 [][] 
 []

) [50] [51 <./images/pcw_change_directions.png>] [52] [53]
 5.
(./discussion/discussion.tex [54

] [55] [56]) [57] (./thesis-base.bbl [58]
[59

]
Underfull \hbox (badness 4608) in paragraph at lines 74--78
[]\OT1/cmr/m/n/12 Free Field.  Acous-tics Re-search In-sti-tute, 2017.  URL []$
\OT1/cmtt/m/n/12 https :
 []


Underfull \hbox (badness 10000) in paragraph at lines 74--78
\OT1/cmtt/m/n/12 / / www . kfs . oeaw . ac . at / index . php ? option = com{_}
content{&}view =
 []

[60]
Underfull \hbox (badness 2980) in paragraph at lines 80--88
\OT1/cmr/m/n/12 to in-di-vid-u-al-ize HRTFs.  In \OT1/cmr/m/it/12 ICASSP, IEEE 
Int. Conf. Acoust.
 []


Underfull \hbox (badness 1783) in paragraph at lines 80--88
\OT1/cmr/m/it/12 Speech Sig-nal Pro-cess. - Proc.\OT1/cmr/m/n/12 , pages 389--3
92, Ky-oto, mar 2012.
 []


Underfull \hbox (badness 1210) in paragraph at lines 80--88
\OT1/cmr/m/n/12 IEEE.  ISBN 9781467300469.  doi: $10 . 1109 / ICASSP . 2012 . 6
287898$.
 []


Underfull \hbox (badness 10000) in paragraph at lines 80--88
\OT1/cmr/m/n/12 URL []$\OT1/cmtt/m/n/12 http : / / ieeexplore . ieee . org / do
cument / 6287898 / http :
 []


Underfull \hbox (badness 10000) in paragraph at lines 80--88
\OT1/cmtt/m/n/12 / / ieeexplore . ieee . org / stamp / stamp . jsp ? tp = {&}ar
number =
 []

LaTeX Font Info:    Font shape `OMS/cmr/m/it' in size <12> not available
(Font)              Font shape `OMS/cmsy/m/n' tried instead on input line 101.

Underfull \hbox (badness 10000) in paragraph at lines 99--103
[]\OT1/cmr/m/n/12 Klaus Ge-nuit.  \OT1/cmr/m/it/12 Ein Mod-ell zur Beschrei-bun
g von
 []

Missing character: There is no ‚ in font cmr12!
Missing character: There is no Ä in font cmr12!
Missing character: There is no ì in font cmr12!
[61] [62]
Underfull \hbox (badness 3449) in paragraph at lines 179--186
[]\OT1/cmr/m/n/12 Antoni Ligeza.  \OT1/cmr/m/it/12 Ar-ti-fi-cial In-tel-li-genc
e: A Mod-ern Ap-proach\OT1/cmr/m/n/12 , vol-
 []


Underfull \hbox (badness 1668) in paragraph at lines 179--186
\OT1/cmr/m/n/12 ume 9.  Pren-tice Hall, 1995.  ISBN 9780131038059.  doi: $10 .
 []

[63] [64]
Underfull \hbox (badness 10000) in paragraph at lines 252--256
[]\OT1/cmr/m/n/12 Project Wilber-force.  Fi-nal Wire-frame, 2017.  URL []$\OT1/
cmtt/m/n/12 https :
 []


Underfull \hbox (badness 10000) in paragraph at lines 252--256
\OT1/cmtt/m/n/12 / / www . assetstore . unity3d . com / en / {#} ! /content / 8
1663https :
 []

Missing character: There is no ‚ in font cmr12!
Missing character: There is no Ä in font cmr12!
Missing character: There is no ê in font cmr12!
[65]
Missing character: There is no ‚ in font cmr12!
Missing character: There is no Ä in font cmr12!
Missing character: There is no ê in font cmr12!
 [66]
Underfull \hbox (badness 3019) in paragraph at lines 316--325
[]\OT1/cmr/m/n/12 D N Zotkin, R. Du-raiswami, L S Davis, A. Mo-han, and V C
 []


Underfull \hbox (badness 1163) in paragraph at lines 316--325
\OT1/cmr/m/n/12 of ear pa-ram-e-ters.  \OT1/cmr/m/it/12 Proc. 16th Int. Conf. P
at-tern Recog-nit.\OT1/cmr/m/n/12 , 3(c):
 []


Underfull \hbox (badness 1502) in paragraph at lines 316--325
\OT1/cmr/m/n/12 1003 -- 1006, 2002a.  ISSN 10514651.  doi: $10 . 1109 / ICPR . 
2002 .
 []

)

Package natbib Warning: There were undefined citations.

Package atveryend Info: Empty hook `BeforeClearDocument' on input line 69.
[67]
Package atveryend Info: Empty hook `AfterLastShipout' on input line 69.
 (./thesis-base.aux)
Package atveryend Info: Executing hook `AtVeryEndDocument' on input line 69.
Package atveryend Info: Executing hook `AtEndAfterFileList' on input line 69.
Package rerunfilecheck Info: File `thesis-base.out' has not changed.
(rerunfilecheck)             Checksum: 9E1C59D9C662375A69EADEBC79AF5414;1795.
Package atveryend Info: Empty hook `AtVeryVeryEnd' on input line 69.
 ) 
Here is how much of TeX's memory you used:
 6452 strings out of 494910
 95766 string characters out of 6179836
 184641 words of memory out of 5000000
 9509 multiletter control sequences out of 15000+600000
 9016 words of font info for 32 fonts, out of 8000000 for 9000
 36 hyphenation exceptions out of 8191
 30i,12n,35p,2337b,499s stack positions out of 5000i,500n,10000p,200000b,80000s
</usr/share/texlive/texmf-dist/fonts/type1/public/amsfonts/cm/cmbx12.pfb></us
r/share/texlive/texmf-dist/fonts/type1/public/amsfonts/cm/cmr12.pfb></usr/share
/texlive/texmf-dist/fonts/type1/public/amsfonts/cm/cmr17.pfb></usr/share/texliv
e/texmf-dist/fonts/type1/public/amsfonts/cm/cmsy10.pfb></usr/share/texlive/texm
f-dist/fonts/type1/public/amsfonts/cm/cmti12.pfb></usr/share/texlive/texmf-dist
/fonts/type1/public/amsfonts/cm/cmtt12.pfb>
Output written on thesis-base.pdf (75 pages, 340452 bytes).
PDF statistics:
 766 PDF objects out of 1000 (max. 8388607)
 668 compressed objects within 7 object streams
 148 named destinations out of 1000 (max. 500000)
 245 words of extra memory for PDF output out of 10000 (max. 10000000)

